<?xml version="1.0" encoding="UTF-8"?>
<!-- Generated by org.testng.reporters.JUnitReportReporter -->
<testsuite name="com.ebay.DataDrivenFramework.VerifyLogin.TC001_VerifyLogin" tests="1" time="6.770" ignored="0" failures="0" timestamp="10 Dec 2019 22:40:08 GMT" skipped="0" hostname="LAPTOP-EKT1R0N2" errors="0">
  <testcase name="validLogin" time="6.770" classname="com.ebay.DataDrivenFramework.VerifyLogin.TC001_VerifyLogin"/>
</testsuite> <!-- com.ebay.DataDrivenFramework.VerifyLogin.TC001_VerifyLogin -->
