<?xml version="1.0" encoding="UTF-8"?>
<!-- Generated by org.testng.reporters.JUnitReportReporter -->
<testsuite name="com.DataDrivenFramework.TestBase.TestBase" tests="1" time="0.010" ignored="0" failures="0" timestamp="10 Dec 2019 19:39:44 GMT" skipped="0" hostname="LAPTOP-EKT1R0N2" errors="0">
  <testcase name="initializeThis" time="0.010" classname="com.DataDrivenFramework.TestBase.TestBase"/>
</testsuite> <!-- com.DataDrivenFramework.TestBase.TestBase -->
